mode: set
example-project/datasource/databaseClient.go:26.43,32.2 3 0
example-project/datasource/databaseClient.go:34.60,36.16 2 1
example-project/datasource/databaseClient.go:39.2,39.28 1 1
example-project/datasource/databaseClient.go:36.16,38.3 1 0
example-project/datasource/databaseClient.go:42.57,44.16 2 0
example-project/datasource/databaseClient.go:47.2,47.27 1 0
example-project/datasource/databaseClient.go:44.16,46.3 1 0
example-project/datasource/databaseClient.go:50.51,55.16 5 0
example-project/datasource/databaseClient.go:58.2,58.17 1 0
example-project/datasource/databaseClient.go:55.16,57.3 1 0
example-project/datasource/databaseClient.go:61.52,66.16 4 0
example-project/datasource/databaseClient.go:69.2,69.35 1 0
example-project/datasource/databaseClient.go:77.2,77.25 1 0
example-project/datasource/databaseClient.go:81.2,81.23 1 0
example-project/datasource/databaseClient.go:66.16,68.3 1 0
example-project/datasource/databaseClient.go:69.35,72.17 3 0
example-project/datasource/databaseClient.go:75.3,75.42 1 0
example-project/datasource/databaseClient.go:72.17,74.4 1 0
example-project/datasource/databaseClient.go:77.25,80.3 2 0
example-project/datasource/databaseClient.go:84.68,87.31 3 0
example-project/datasource/databaseClient.go:91.2,91.21 1 0
example-project/datasource/databaseClient.go:87.31,90.3 2 0
example-project/middleware/middleware.go:10.59,12.30 2 1
example-project/middleware/middleware.go:16.2,17.15 2 1
example-project/middleware/middleware.go:12.30,14.3 1 1
example-project/middleware/middleware.go:20.71,25.30 3 1
example-project/middleware/middleware.go:25.30,27.3 1 0
example-project/service/registerService.go:21.72,25.2 1 1
example-project/service/registerService.go:27.82,30.24 2 1
example-project/service/registerService.go:30.24,31.38 1 1
example-project/service/registerService.go:35.3,35.37 1 1
example-project/service/registerService.go:31.38,34.4 1 1
example-project/service/registerService.go:36.8,38.3 1 1
example-project/service/registerService.go:42.68,44.2 1 1
example-project/service/registerService.go:46.85,50.2 2 1
example-project/service/registerService.go:52.70,55.2 2 1
example-project/handler/handler.go:23.60,27.2 1 1
example-project/handler/handler.go:29.62,32.47 3 1
example-project/handler/handler.go:32.47,36.17 3 1
example-project/handler/handler.go:42.3,42.44 1 1
example-project/handler/handler.go:48.3,52.9 5 1
example-project/handler/handler.go:36.17,41.4 2 1
example-project/handler/handler.go:42.44,47.4 2 1
example-project/handler/handler.go:53.8,55.41 2 1
example-project/handler/handler.go:60.3,60.27 1 1
example-project/handler/handler.go:67.3,69.9 3 1
example-project/handler/handler.go:55.41,56.32 1 1
example-project/handler/handler.go:56.32,58.5 1 1
example-project/handler/handler.go:60.27,66.4 2 1
example-project/handler/handler.go:74.61,76.27 2 1
example-project/handler/handler.go:76.27,78.3 1 1
example-project/handler/handler.go:78.8,80.3 1 1
example-project/handler/handler.go:83.59,85.9 2 1
example-project/handler/handler.go:92.2,93.33 2 1
example-project/handler/handler.go:85.9,90.3 2 1
example-project/handler/handler.go:96.62,98.9 2 1
example-project/handler/handler.go:105.2,106.16 2 1
example-project/handler/handler.go:112.2,112.33 1 1
example-project/handler/handler.go:98.9,103.3 2 1
example-project/handler/handler.go:106.16,111.3 2 1
example-project/handler/handler.go:115.63,117.16 2 1
example-project/handler/handler.go:123.2,123.33 1 1
example-project/handler/handler.go:117.16,122.3 2 1
