mode: set
example-project/service/registerService.go:17.72,21.2 1 1
example-project/service/registerService.go:23.82,26.37 2 0
example-project/service/registerService.go:30.2,30.36 1 0
example-project/service/registerService.go:26.37,29.3 1 0
example-project/service/registerService.go:33.68,35.2 1 1
example-project/handler/handler.go:19.60,23.2 1 1
example-project/handler/handler.go:25.62,28.16 3 0
example-project/handler/handler.go:35.2,36.23 2 0
example-project/handler/handler.go:28.16,33.3 2 0
example-project/handler/handler.go:39.59,41.9 2 1
example-project/handler/handler.go:48.2,49.33 2 1
example-project/handler/handler.go:41.9,46.3 2 0
example-project/datasource/databaseClient.go:22.43,28.2 3 0
example-project/datasource/databaseClient.go:30.60,32.16 2 1
example-project/datasource/databaseClient.go:35.2,35.28 1 1
example-project/datasource/databaseClient.go:32.16,34.3 1 0
example-project/datasource/databaseClient.go:38.51,43.16 5 0
example-project/datasource/databaseClient.go:46.2,46.17 1 0
example-project/datasource/databaseClient.go:43.16,45.3 1 0
